<?xml version="1.0" encoding="UTF-8"?>
<testsuite xmlns:xsi="http://www.w3.org/2001/XMLSchema-instance" xsi:noNamespaceSchemaLocation="https://maven.apache.org/surefire/maven-surefire-plugin/xsd/surefire-test-report.xsd" name="com.calc.CalculadoraTest" time="0.001" tests="4" errors="0" skipped="0" failures="0">
  <properties>
[...]
</properties>
  <testcase name="testResta" classname="com.calc.CalculadoraTest" time="0"/>
  <testcase name="testSuma" classname="com.calc.CalculadoraTest" time="0"/>
  <testcase name="testProducto" classname="com.calc.CalculadoraTest" time="0"/>
  <testcase name="testDivision" classname="com.calc.CalculadoraTest" time="0"/>
</testsuite>